2019-04-06T22:10:30+00:00 CRITICAL Uncaught Error: Class 'Elementor\Plugin' not found in /var/www/html/wordpress/wp-content/plugins/essential-addons-for-elementor-lite/includes/traits/Enqueue.php:35
Stack trace:
#0 /var/www/html/wordpress/wp-includes/class-wp-hook.php(286): Essential_Addons_Elementor->enqueue_scripts('')
#1 /var/www/html/wordpress/wp-includes/class-wp-hook.php(310): WP_Hook->apply_filters(NULL, Array)
#2 /var/www/html/wordpress/wp-includes/plugin.php(453): WP_Hook->do_action(Array)
#3 /var/www/html/wordpress/wp-includes/script-loader.php(2231): do_action('wp_enqueue_scri...')
#4 /var/www/html/wordpress/wp-includes/class-wp-hook.php(286): wp_enqueue_scripts('')
#5 /var/www/html/wordpress/wp-includes/class-wp-hook.php(310): WP_Hook->apply_filters(NULL, Array)
#6 /var/www/html/wordpress/wp-includes/plugin.php(453): WP_Hook->do_action(Array)
#7 /var/www/html/wordpress/wp-includes/general-template.php(2614): do_action('wp_head')
#8 /var/www/html/wordpress/wp-content/themes/good-food/header.php(24): wp_head()
#9 /var/www/html/wordpr in /var/www/html/wordpress/wp-content/plugins/essential-addons-for-elementor-lite/includes/traits/Enqueue.php on line 35

2019-04-06T22:10:31+00:00 CRITICAL Uncaught Error: Class 'Elementor\Plugin' not found in /var/www/html/wordpress/wp-content/plugins/essential-addons-for-elementor-lite/includes/traits/Enqueue.php:35
Stack trace:
#0 /var/www/html/wordpress/wp-includes/class-wp-hook.php(286): Essential_Addons_Elementor->enqueue_scripts('')
#1 /var/www/html/wordpress/wp-includes/class-wp-hook.php(310): WP_Hook->apply_filters(NULL, Array)
#2 /var/www/html/wordpress/wp-includes/plugin.php(453): WP_Hook->do_action(Array)
#3 /var/www/html/wordpress/wp-includes/script-loader.php(2231): do_action('wp_enqueue_scri...')
#4 /var/www/html/wordpress/wp-includes/class-wp-hook.php(286): wp_enqueue_scripts('')
#5 /var/www/html/wordpress/wp-includes/class-wp-hook.php(310): WP_Hook->apply_filters(NULL, Array)
#6 /var/www/html/wordpress/wp-includes/plugin.php(453): WP_Hook->do_action(Array)
#7 /var/www/html/wordpress/wp-includes/general-template.php(2614): do_action('wp_head')
#8 /var/www/html/wordpress/wp-content/themes/good-food/header.php(24): wp_head()
#9 /var/www/html/wordpr in /var/www/html/wordpress/wp-content/plugins/essential-addons-for-elementor-lite/includes/traits/Enqueue.php on line 35

2019-04-06T22:10:43+00:00 CRITICAL Uncaught Error: Class 'Elementor\Plugin' not found in /var/www/html/wordpress/wp-content/plugins/essential-addons-for-elementor-lite/includes/traits/Enqueue.php:35
Stack trace:
#0 /var/www/html/wordpress/wp-includes/class-wp-hook.php(286): Essential_Addons_Elementor->enqueue_scripts('')
#1 /var/www/html/wordpress/wp-includes/class-wp-hook.php(310): WP_Hook->apply_filters(NULL, Array)
#2 /var/www/html/wordpress/wp-includes/plugin.php(453): WP_Hook->do_action(Array)
#3 /var/www/html/wordpress/wp-includes/script-loader.php(2231): do_action('wp_enqueue_scri...')
#4 /var/www/html/wordpress/wp-includes/class-wp-hook.php(286): wp_enqueue_scripts('')
#5 /var/www/html/wordpress/wp-includes/class-wp-hook.php(310): WP_Hook->apply_filters(NULL, Array)
#6 /var/www/html/wordpress/wp-includes/plugin.php(453): WP_Hook->do_action(Array)
#7 /var/www/html/wordpress/wp-includes/general-template.php(2614): do_action('wp_head')
#8 /var/www/html/wordpress/wp-content/themes/good-food/header.php(24): wp_head()
#9 /var/www/html/wordpr in /var/www/html/wordpress/wp-content/plugins/essential-addons-for-elementor-lite/includes/traits/Enqueue.php on line 35

2019-04-06T22:11:19+00:00 CRITICAL Uncaught Error: Class 'Elementor\Plugin' not found in /var/www/html/wordpress/wp-content/plugins/essential-addons-for-elementor-lite/includes/traits/Generator.php:123
Stack trace:
#0 /var/www/html/wordpress/wp-includes/class-wp-hook.php(286): Essential_Addons_Elementor->generate_post_scripts(Object(WP_Query))
#1 /var/www/html/wordpress/wp-includes/class-wp-hook.php(310): WP_Hook->apply_filters('', Array)
#2 /var/www/html/wordpress/wp-includes/plugin.php(515): WP_Hook->do_action(Array)
#3 /var/www/html/wordpress/wp-includes/class-wp-query.php(3123): do_action_ref_array('loop_end', Array)
#4 /var/www/html/wordpress/wp-content/plugins/cmsmasters-content-composer/framework/cmsmasters-composer-lightbox-functions.php(110): WP_Query->have_posts()
#5 /var/www/html/wordpress/wp-content/plugins/cmsmasters-content-composer/framework/cmsmasters-composer-lightbox-functions.php(29): cmsmasters_composer_cf7_forms()
#6 /var/www/html/wordpress/wp-includes/class-wp-hook.php(286): cmsmasters_composer_shortcodes_init('')
#7 /var in /var/www/html/wordpress/wp-content/plugins/essential-addons-for-elementor-lite/includes/traits/Generator.php on line 123

2019-04-06T22:13:41+00:00 CRITICAL Uncaught Error: Class 'Elementor\Plugin' not found in /var/www/html/wordpress/wp-content/plugins/essential-addons-for-elementor-lite/includes/traits/Generator.php:123
Stack trace:
#0 /var/www/html/wordpress/wp-includes/class-wp-hook.php(286): Essential_Addons_Elementor->generate_post_scripts(Object(WP_Query))
#1 /var/www/html/wordpress/wp-includes/class-wp-hook.php(310): WP_Hook->apply_filters('', Array)
#2 /var/www/html/wordpress/wp-includes/plugin.php(515): WP_Hook->do_action(Array)
#3 /var/www/html/wordpress/wp-includes/class-wp-query.php(3123): do_action_ref_array('loop_end', Array)
#4 /var/www/html/wordpress/wp-content/plugins/cmsmasters-content-composer/framework/cmsmasters-composer-lightbox-functions.php(110): WP_Query->have_posts()
#5 /var/www/html/wordpress/wp-content/plugins/cmsmasters-content-composer/framework/cmsmasters-composer-lightbox-functions.php(29): cmsmasters_composer_cf7_forms()
#6 /var/www/html/wordpress/wp-includes/class-wp-hook.php(286): cmsmasters_composer_shortcodes_init('')
#7 /var in /var/www/html/wordpress/wp-content/plugins/essential-addons-for-elementor-lite/includes/traits/Generator.php on line 123

2019-04-06T22:13:49+00:00 CRITICAL Uncaught Error: Class 'Elementor\Plugin' not found in /var/www/html/wordpress/wp-content/plugins/essential-addons-for-elementor-lite/includes/traits/Generator.php:123
Stack trace:
#0 /var/www/html/wordpress/wp-includes/class-wp-hook.php(286): Essential_Addons_Elementor->generate_post_scripts(Object(WP_Query))
#1 /var/www/html/wordpress/wp-includes/class-wp-hook.php(310): WP_Hook->apply_filters('', Array)
#2 /var/www/html/wordpress/wp-includes/plugin.php(515): WP_Hook->do_action(Array)
#3 /var/www/html/wordpress/wp-includes/class-wp-query.php(3123): do_action_ref_array('loop_end', Array)
#4 /var/www/html/wordpress/wp-content/plugins/cmsmasters-content-composer/framework/cmsmasters-composer-lightbox-functions.php(110): WP_Query->have_posts()
#5 /var/www/html/wordpress/wp-content/plugins/cmsmasters-content-composer/framework/cmsmasters-composer-lightbox-functions.php(29): cmsmasters_composer_cf7_forms()
#6 /var/www/html/wordpress/wp-includes/class-wp-hook.php(286): cmsmasters_composer_shortcodes_init('')
#7 /var in /var/www/html/wordpress/wp-content/plugins/essential-addons-for-elementor-lite/includes/traits/Generator.php on line 123

2019-04-06T22:16:02+00:00 CRITICAL Uncaught Error: Class 'Elementor\Plugin' not found in /var/www/html/wordpress/wp-content/plugins/essential-addons-for-elementor-lite/includes/traits/Generator.php:123
Stack trace:
#0 /var/www/html/wordpress/wp-includes/class-wp-hook.php(286): Essential_Addons_Elementor->generate_post_scripts(Object(WP_Query))
#1 /var/www/html/wordpress/wp-includes/class-wp-hook.php(310): WP_Hook->apply_filters('', Array)
#2 /var/www/html/wordpress/wp-includes/plugin.php(515): WP_Hook->do_action(Array)
#3 /var/www/html/wordpress/wp-includes/class-wp-query.php(3123): do_action_ref_array('loop_end', Array)
#4 /var/www/html/wordpress/wp-content/plugins/cmsmasters-content-composer/framework/cmsmasters-composer-lightbox-functions.php(110): WP_Query->have_posts()
#5 /var/www/html/wordpress/wp-content/plugins/cmsmasters-content-composer/framework/cmsmasters-composer-lightbox-functions.php(29): cmsmasters_composer_cf7_forms()
#6 /var/www/html/wordpress/wp-includes/class-wp-hook.php(286): cmsmasters_composer_shortcodes_init('')
#7 /var in /var/www/html/wordpress/wp-content/plugins/essential-addons-for-elementor-lite/includes/traits/Generator.php on line 123

2019-04-06T22:56:44+00:00 CRITICAL Out of memory (allocated 10485760) (tried to allocate 20480 bytes) in /var/www/html/wordpress/wp-includes/wp-db.php on line 1889

2019-04-06T22:56:47+00:00 CRITICAL Out of memory (allocated 14680064) (tried to allocate 20480 bytes) in /var/www/html/wordpress/wp-includes/wp-db.php on line 1889

